<?xml version="1.0" encoding="UTF-8"?>
<!-- Generated by org.testng.reporters.JUnitXMLReporter -->
<testsuite ignored="0" hostname="DESKTOP-9HIBJVC" failures="0" tests="2" name="Default test(failed)" time="0.151" errors="0" timestamp="2022-04-15T10:55:42 IST">
  <testcase classname="testNg_Concept.CrossBrowserTesting" name="@BeforeMethod initilization" time="-1.65000034227E9">
    <failure type="org.testng.TestNGException" message="
Parameter &amp;apos;browser&amp;apos; is required by BeforeMethod on method initilization but has not been marked @Optional or defined
in C:\Users\dell\eclipse-workspace1\SpeedwatechSeleniumjan2\test-output\testng-failed.xml">
      <![CDATA[org.testng.TestNGException: 
Parameter 'browser' is required by BeforeMethod on method initilization but has not been marked @Optional or defined
in C:\Users\dell\eclipse-workspace1\SpeedwatechSeleniumjan2\test-output\testng-failed.xml
at java.base/java.util.ArrayList.forEach(ArrayList.java:1511)
... Removed 28 stack frames]]>
    </failure>
  </testcase> <!-- @BeforeMethod initilization -->
  <testcase classname="testNg_Concept.CrossBrowserTesting" name="@AfterMethod closeResourses" time="-1.65000034232E9">
    <skipped/>
  </testcase> <!-- @AfterMethod closeResourses -->
  <testcase classname="testNg_Concept.CrossBrowserTesting" name="@BeforeMethod initilization" time="-1.650000342326E9">
    <skipped/>
  </testcase> <!-- @BeforeMethod initilization -->
  <testcase classname="testNg_Concept.CrossBrowserTesting" name="@AfterMethod closeResourses" time="-1.650000342353E9">
    <skipped/>
  </testcase> <!-- @AfterMethod closeResourses -->
  <testcase classname="testNg_Concept.CrossBrowserTesting" name="googleSeachTest" time="0.0">
    <skipped/>
  </testcase> <!-- googleSeachTest -->
  <testcase classname="testNg_Concept.CrossBrowserTesting" name="bingSearchTest" time="0.0">
    <skipped/>
  </testcase> <!-- bingSearchTest -->
</testsuite> <!-- Default test(failed) -->
